Using pre-set license
Built from '2021.2/staging' branch; Version is '2021.2.9f1 (921b45a28ab6) revision 9575237'; Using compiler version '192829333'; Build Type 'Release'
OS: 'Windows 11  (10.0.22000) 64bit Core' Language: 'en' Physical Memory: 16194 MB
BatchMode: 1, IsHumanControllingUs: 0, StartBugReporterOnCrash: 0, Is64bit: 1, IsPro: 0

COMMAND LINE ARGUMENTS:
C:\Users\Prismly\Desktop\Coding\2021.2.9f1\Editor\Unity.exe
-adb2
-batchMode
-noUpm
-name
AssetImportWorker0
-projectPath
C:/Users/Prismly/Dropbox (Old)/My PC (Nerfel)/Documents/GitHub/green-theft-auto/GreenTheftAuto
-logFile
Logs/AssetImportWorker0.log
-srvPort
51690
Successfully changed project path to: C:/Users/Prismly/Dropbox (Old)/My PC (Nerfel)/Documents/GitHub/green-theft-auto/GreenTheftAuto
C:/Users/Prismly/Dropbox (Old)/My PC (Nerfel)/Documents/GitHub/green-theft-auto/GreenTheftAuto
[UnityMemory] Configuration Parameters - Can be set up in boot.config
    "memorysetup-bucket-allocator-granularity=16"
    "memorysetup-bucket-allocator-bucket-count=8"
    "memorysetup-bucket-allocator-block-size=33554432"
    "memorysetup-bucket-allocator-block-count=8"
    "memorysetup-main-allocator-block-size=16777216"
    "memorysetup-thread-allocator-block-size=16777216"
    "memorysetup-gfx-main-allocator-block-size=16777216"
    "memorysetup-gfx-thread-allocator-block-size=16777216"
    "memorysetup-cache-allocator-block-size=4194304"
    "memorysetup-typetree-allocator-block-size=2097152"
    "memorysetup-profiler-bucket-allocator-granularity=16"
    "memorysetup-profiler-bucket-allocator-bucket-count=8"
    "memorysetup-profiler-bucket-allocator-block-size=33554432"
    "memorysetup-profiler-bucket-allocator-block-count=8"
    "memorysetup-profiler-allocator-block-size=16777216"
    "memorysetup-profiler-editor-allocator-block-size=1048576"
    "memorysetup-temp-allocator-size-main=16777216"
    "memorysetup-job-temp-allocator-block-size=2097152"
    "memorysetup-job-temp-allocator-block-size-background=1048576"
    "memorysetup-job-temp-allocator-reduction-small-platforms=262144"
    "memorysetup-temp-allocator-size-background-worker=32768"
    "memorysetup-temp-allocator-size-job-worker=262144"
    "memorysetup-temp-allocator-size-preload-manager=33554432"
    "memorysetup-temp-allocator-size-nav-mesh-worker=65536"
    "memorysetup-temp-allocator-size-audio-worker=65536"
    "memorysetup-temp-allocator-size-cloud-worker=32768"
    "memorysetup-temp-allocator-size-gi-baking-worker=262144"
    "memorysetup-temp-allocator-size-gfx=262144"
Refreshing native plugins compatible for Editor in 93.71 ms, found 3 plugins.
Preloading 0 native plugins for Editor in 0.00 ms.
Initialize engine version: 2021.2.9f1 (921b45a28ab6)
[Subsystems] Discovering subsystems at path C:/Users/Prismly/Desktop/Coding/2021.2.9f1/Editor/Data/Resources/UnitySubsystems
[Subsystems] Discovering subsystems at path C:/Users/Prismly/Dropbox (Old)/My PC (Nerfel)/Documents/GitHub/green-theft-auto/GreenTheftAuto/Assets
GfxDevice: creating device client; threaded=0; jobified=0
Direct3D:
    Version:  Direct3D 11.0 [level 11.1]
    Renderer: NVIDIA GeForce GTX 1080 (ID=0x1b80)
    Vendor:   NVIDIA
    VRAM:     8079 MB
    Driver:   27.21.14.5751
Initialize mono
Mono path[0] = 'C:/Users/Prismly/Desktop/Coding/2021.2.9f1/Editor/Data/Managed'
Mono path[1] = 'C:/Users/Prismly/Desktop/Coding/2021.2.9f1/Editor/Data/MonoBleedingEdge/lib/mono/unityjit-win32'
Mono config path = 'C:/Users/Prismly/Desktop/Coding/2021.2.9f1/Editor/Data/MonoBleedingEdge/etc'
Using monoOptions --debugger-agent=transport=dt_socket,embedding=1,server=y,suspend=n,address=127.0.0.1:56952
Begin MonoManager ReloadAssembly
Registering precompiled unity dll's ...
Register platform support module: C:/Users/Prismly/Desktop/Coding/2021.2.9f1/Editor/Data/PlaybackEngines/WindowsStandaloneSupport/UnityEditor.WindowsStandalone.Extensions.dll
Registered in 0.007625 seconds.
Native extension for WindowsStandalone target not found
Refreshing native plugins compatible for Editor in 92.25 ms, found 3 plugins.
Preloading 0 native plugins for Editor in 0.00 ms.
Mono: successfully reloaded assembly
- Completed reload, in  0.711 seconds
Domain Reload Profiling:
	ReloadAssembly (712ms)
		BeginReloadAssembly (85ms)
			ExecutionOrderSort (0ms)
			DisableScriptedObjects (0ms)
			BackupInstance (0ms)
			ReleaseScriptingObjects (0ms)
			CreateAndSetChildDomain (1ms)
		EndReloadAssembly (535ms)
			LoadAssemblies (82ms)
			RebuildTransferFunctionScriptingTraits (0ms)
			SetupTypeCache (107ms)
			ReleaseScriptCaches (0ms)
			RebuildScriptCaches (34ms)
			SetupLoadedEditorAssemblies (332ms)
				LogAssemblyErrors (0ms)
				InitializePlatformSupportModulesInManaged (17ms)
				SetLoadedEditorAssemblies (0ms)
				RefreshPlugins (92ms)
				BeforeProcessingInitializeOnLoad (2ms)
				ProcessInitializeOnLoadAttributes (164ms)
				ProcessInitializeOnLoadMethodAttributes (56ms)
				AfterProcessingInitializeOnLoad (0ms)
				EditorAssembliesLoaded (0ms)
			ExecutionOrderSort2 (0ms)
			AwakeInstancesAfterBackupRestoration (0ms)
Platform modules already initialized, skipping
Registering precompiled user dll's ...
Registered in 0.006849 seconds.
Begin MonoManager ReloadAssembly
Symbol file LoadedFromMemory doesn't match image C:\Users\Prismly\Dropbox (Old)\My PC (Nerfel)\Documents\GitHub\green-theft-auto\GreenTheftAuto\Library\PackageCache\com.unity.visualscripting@1.7.6\Editor\VisualScripting.Core\Dependencies\YamlDotNet\Unity.VisualScripting.YamlDotNet.dll
Symbol file LoadedFromMemory doesn't match image C:\Users\Prismly\Dropbox (Old)\My PC (Nerfel)\Documents\GitHub\green-theft-auto\GreenTheftAuto\Library\PackageCache\com.unity.visualscripting@1.7.6\Editor\VisualScripting.Core\Dependencies\DotNetZip\Unity.VisualScripting.IonicZip.dll
Native extension for WindowsStandalone target not found
Refreshing native plugins compatible for Editor in 0.52 ms, found 3 plugins.
Preloading 0 native plugins for Editor in 0.00 ms.
Mono: successfully reloaded assembly
- Completed reload, in  1.126 seconds
Domain Reload Profiling:
	ReloadAssembly (1127ms)
		BeginReloadAssembly (121ms)
			ExecutionOrderSort (0ms)
			DisableScriptedObjects (6ms)
			BackupInstance (0ms)
			ReleaseScriptingObjects (0ms)
			CreateAndSetChildDomain (20ms)
		EndReloadAssembly (898ms)
			LoadAssemblies (84ms)
			RebuildTransferFunctionScriptingTraits (0ms)
			SetupTypeCache (297ms)
			ReleaseScriptCaches (1ms)
			RebuildScriptCaches (54ms)
			SetupLoadedEditorAssemblies (420ms)
				LogAssemblyErrors (0ms)
				InitializePlatformSupportModulesInManaged (13ms)
				SetLoadedEditorAssemblies (0ms)
				RefreshPlugins (1ms)
				BeforeProcessingInitializeOnLoad (100ms)
				ProcessInitializeOnLoadAttributes (270ms)
				ProcessInitializeOnLoadMethodAttributes (25ms)
				AfterProcessingInitializeOnLoad (10ms)
				EditorAssembliesLoaded (0ms)
			ExecutionOrderSort2 (0ms)
			AwakeInstancesAfterBackupRestoration (8ms)
Platform modules already initialized, skipping
========================================================================
Worker process is ready to serve import requests
Launched and connected shader compiler UnityShaderCompiler.exe after 0.07 seconds
Refreshing native plugins compatible for Editor in 0.50 ms, found 3 plugins.
Preloading 0 native plugins for Editor in 0.00 ms.
Unloading 3283 Unused Serialized files (Serialized files now loaded: 0)
Unloading 26 unused Assets / (112.1 KB). Loaded Objects now: 3754.
Memory consumption went from 128.8 MB to 128.7 MB.
Total: 3.167800 ms (FindLiveObjects: 0.278300 ms CreateObjectMapping: 0.197900 ms MarkObjects: 2.595000 ms  DeleteObjects: 0.095400 ms)

AssetImportParameters requested are different than current active one (requested -> active):
  custom:video-decoder-ogg-theora: a1e56fd34408186e4bbccfd4996cb3dc -> 
  custom:container-muxer-webm: aa71ff27fc2769a1b78a27578f13a17b -> 
  custom:container-demuxer-webm: 4f35f7cbe854078d1ac9338744f61a02 -> 
  custom:video-encoder-webm-vp8: eb34c28f22e8b96e1ab97ce403110664 -> 
  custom:video-codec-MediaFoundation-h265: 746d11721c4dcdbdad8f713fa42b33f4 -> 
  custom:audio-encoder-webm-vorbis: bf7c407c2cedff20999df2af8eb42d56 -> 
  custom:framework-win-MediaFoundation: 216162199b28c13a410421893ffa2e32 -> 
  custom:container-demuxer-ogg: 62fdf1f143b41e24485cea50d1cbac27 -> 
  custom:video-decoder-webm-vp8: 9c59270c3fd7afecdb556c50c9e8de78 -> 
  custom:audio-decoder-ogg-vorbis: bf7c407c2cedff20999df2af8eb42d56 -> 
========================================================================
Received Import Request.
  Time since last request: 138290.862897 seconds.
  path: Assets/Resources/Materials/truck_indanger.mat
  artifactKey: Guid(21010575064604641aad45e74a1edc22) Importer(815301076,1909f56bfc062723c751e8b465ee728b)
Start importing Assets/Resources/Materials/truck_indanger.mat using Guid(21010575064604641aad45e74a1edc22) Importer(815301076,1909f56bfc062723c751e8b465ee728b)  -> (artifact id: 'e876f7b982997e80c9f9c418a5189824') in 0.136616 seconds 
========================================================================
Received Import Request.
  Time since last request: 0.000016 seconds.
  path: Assets/Resources/Materials/bin.mat
  artifactKey: Guid(060049af80159164d9405f24cd2c921e) Importer(815301076,1909f56bfc062723c751e8b465ee728b)
Start importing Assets/Resources/Materials/bin.mat using Guid(060049af80159164d9405f24cd2c921e) Importer(815301076,1909f56bfc062723c751e8b465ee728b)  -> (artifact id: 'dfe6f21718b22fccf62cd1ab95f46764') in 0.016982 seconds 
========================================================================
Received Import Request.
  Time since last request: 0.000020 seconds.
  path: Assets/Resources/Materials/truck_solid 1.mat
  artifactKey: Guid(5870da22e8d5f1943bba2aff5aec5cbc) Importer(815301076,1909f56bfc062723c751e8b465ee728b)
Start importing Assets/Resources/Materials/truck_solid 1.mat using Guid(5870da22e8d5f1943bba2aff5aec5cbc) Importer(815301076,1909f56bfc062723c751e8b465ee728b)  -> (artifact id: 'c1f8de81df29e0c65120c726dc956d8c') in 0.014549 seconds 
========================================================================
Received Import Request.
  Time since last request: 0.000022 seconds.
  path: Assets/Resources/Materials/danger.mat
  artifactKey: Guid(f177e57ef1ef8f64e8a91276d8b6f070) Importer(815301076,1909f56bfc062723c751e8b465ee728b)
Start importing Assets/Resources/Materials/danger.mat using Guid(f177e57ef1ef8f64e8a91276d8b6f070) Importer(815301076,1909f56bfc062723c751e8b465ee728b)  -> (artifact id: '2a13b24a449be30979275f7decaa8326') in 0.012366 seconds 
========================================================================
Received Import Request.
  Time since last request: 58.141811 seconds.
  path: Assets/Scenes/MainMenu.unity
  artifactKey: Guid(a615b0887393bd247adbe75aa75abfdb) Importer(815301076,1909f56bfc062723c751e8b465ee728b)
Start importing Assets/Scenes/MainMenu.unity using Guid(a615b0887393bd247adbe75aa75abfdb) Importer(815301076,1909f56bfc062723c751e8b465ee728b)  -> (artifact id: '4518fd75eab5f037c997c94bc539b55a') in 0.009671 seconds 
========================================================================
Received Import Request.
  Time since last request: 4.190041 seconds.
  path: Assets/Scenes/MovementScene.unity
  artifactKey: Guid(9fc0d4010bbf28b4594072e72b8655ab) Importer(815301076,1909f56bfc062723c751e8b465ee728b)
Start importing Assets/Scenes/MovementScene.unity using Guid(9fc0d4010bbf28b4594072e72b8655ab) Importer(815301076,1909f56bfc062723c751e8b465ee728b)  -> (artifact id: 'a5722e92c413679d150b4ae2b61b92d0') in 0.005945 seconds 
========================================================================
Received Import Request.
  Time since last request: 8.891196 seconds.
  path: Assets/Resources/Sprites/speedarrow.png
  artifactKey: Guid(bba1ffb26a62af64891627fc1d5ab45a) Importer(815301076,1909f56bfc062723c751e8b465ee728b)
Start importing Assets/Resources/Sprites/speedarrow.png using Guid(bba1ffb26a62af64891627fc1d5ab45a) Importer(815301076,1909f56bfc062723c751e8b465ee728b)  -> (artifact id: '6daf2797a7d7e1b9b4ea9af370a23eda') in 0.031308 seconds 
========================================================================
Received Import Request.
  Time since last request: 0.000019 seconds.
  path: Assets/Resources/Sprites/target.png
  artifactKey: Guid(21875d9d7a301bd4badd589570ef514e) Importer(815301076,1909f56bfc062723c751e8b465ee728b)
Start importing Assets/Resources/Sprites/target.png using Guid(21875d9d7a301bd4badd589570ef514e) Importer(815301076,1909f56bfc062723c751e8b465ee728b)  -> (artifact id: '5513b9de7e0eaee7a61b38905eb78584') in 0.016390 seconds 
========================================================================
Received Import Request.
  Time since last request: 0.000026 seconds.
  path: Assets/Resources/Sprites/speedbar.png
  artifactKey: Guid(7b3ff1e106427694dbd0980c155d8cb4) Importer(815301076,1909f56bfc062723c751e8b465ee728b)
Start importing Assets/Resources/Sprites/speedbar.png using Guid(7b3ff1e106427694dbd0980c155d8cb4) Importer(815301076,1909f56bfc062723c751e8b465ee728b)  -> (artifact id: '793bf1ceca85bf58fe8ddfcec6794440') in 0.031660 seconds 
========================================================================
Received Import Request.
  Time since last request: 0.438475 seconds.
  path: Assets/Resources/Prefabs/Ground.prefab
  artifactKey: Guid(6142319abf3643e4086571e1d247e5f3) Importer(815301076,1909f56bfc062723c751e8b465ee728b)
Start importing Assets/Resources/Prefabs/Ground.prefab using Guid(6142319abf3643e4086571e1d247e5f3) Importer(815301076,1909f56bfc062723c751e8b465ee728b)  -> (artifact id: '085e53b263db602018ebfd9b1a815d33') in 0.021758 seconds 
========================================================================
Received Import Request.
  Time since last request: 0.000019 seconds.
  path: Assets/Resources/Prefabs/Projectile.prefab
  artifactKey: Guid(cb511465efdacca46a9d8e269968bb42) Importer(815301076,1909f56bfc062723c751e8b465ee728b)
Start importing Assets/Resources/Prefabs/Projectile.prefab using Guid(cb511465efdacca46a9d8e269968bb42) Importer(815301076,1909f56bfc062723c751e8b465ee728b)  -> (artifact id: '500234d59e877705cda260c27b96b0d3') in 0.010038 seconds 
========================================================================
Received Import Request.
  Time since last request: 0.000021 seconds.
  path: Assets/Resources/Prefabs/Player Truck.prefab
  artifactKey: Guid(f452a3fa57b0dec4cb2e3100c5d665bc) Importer(815301076,1909f56bfc062723c751e8b465ee728b)
Start importing Assets/Resources/Prefabs/Player Truck.prefab using Guid(f452a3fa57b0dec4cb2e3100c5d665bc) Importer(815301076,1909f56bfc062723c751e8b465ee728b)  -> (artifact id: '02fbb23ae28a9142298cb672f785d1e1') in 0.009168 seconds 
========================================================================
Received Import Request.
  Time since last request: 0.000020 seconds.
  path: Assets/Resources/Prefabs/Target.prefab
  artifactKey: Guid(7aa04b07abfd89948aaf67c7a6d377a7) Importer(815301076,1909f56bfc062723c751e8b465ee728b)
Start importing Assets/Resources/Prefabs/Target.prefab using Guid(7aa04b07abfd89948aaf67c7a6d377a7) Importer(815301076,1909f56bfc062723c751e8b465ee728b)  -> (artifact id: 'eae09d02a331f7989ba337b881fdb50a') in 0.014305 seconds 
========================================================================
Received Import Request.
  Time since last request: 85.060725 seconds.
  path: Assets/Resources/Materials/New Material.mat
  artifactKey: Guid(fa5cba3d3bbd7854fb1526c248396525) Importer(815301076,1909f56bfc062723c751e8b465ee728b)
Start importing Assets/Resources/Materials/New Material.mat using Guid(fa5cba3d3bbd7854fb1526c248396525) Importer(815301076,1909f56bfc062723c751e8b465ee728b)  -> (artifact id: 'a6b19cd6c7d0d7992aad41eaa8ba4aac') in 0.015137 seconds 
